<?xml version="1.0" encoding="UTF-8"?>
<!-- Generated by org.testng.reporters.JUnitReportReporter -->
<testsuite skipped="0" hostname="dhanesh-PC" name="TestCases.TC2" tests="1" failures="0" timestamp="02 Apr 2018 18:57:55 GMT" time="18.365" errors="0">
  <testcase name="ExecuteTc2" time="18.365" classname="TestCases.TC2"/>
</testsuite> <!-- TestCases.TC2 -->
