<?xml version="1.0" encoding="UTF-8"?>
<!-- Generated by org.testng.reporters.JUnitReportReporter -->
<testsuite hostname="DJ" name="TestCases.AllTestCase" tests="1" failures="0" timestamp="21 Aug 2018 03:50:06 GMT" time="18.247" errors="0">
  <testcase name="AllTest" time="18.247" classname="TestCases.AllTestCase"/>
</testsuite> <!-- TestCases.AllTestCase -->
