<?xml version="1.0" encoding="UTF-8"?>
<!-- Generated by org.testng.reporters.JUnitReportReporter -->
<testsuite skipped="0" hostname="dhanesh-PC" name="TestCases.TC4" tests="1" failures="0" timestamp="02 Apr 2018 18:57:55 GMT" time="20.110" errors="0">
  <testcase name="ExecuteTc4" time="20.110" classname="TestCases.TC4"/>
</testsuite> <!-- TestCases.TC4 -->
