<?xml version="1.0" encoding="UTF-8"?>
<!-- Generated by org.testng.reporters.JUnitReportReporter -->
<testsuite skipped="0" hostname="dhanesh-PC" name="TestCases.TC1" tests="1" failures="0" timestamp="02 Apr 2018 18:57:55 GMT" time="38.781" errors="0">
  <testcase name="ExecuteTc1" time="38.781" classname="TestCases.TC1"/>
</testsuite> <!-- TestCases.TC1 -->
