<?xml version="1.0" encoding="UTF-8"?>
<!-- Generated by org.testng.reporters.JUnitReportReporter -->
<testsuite hostname="DJ" name="TestCases.TC1" tests="1" failures="0" timestamp="2 Aug 2018 04:05:54 GMT" time="27.210" errors="0">
  <testcase name="ExecuteTc1" time="27.210" classname="TestCases.TC1"/>
</testsuite> <!-- TestCases.TC1 -->
