<?xml version="1.0" encoding="UTF-8"?>
<!-- Generated by org.testng.reporters.JUnitReportReporter -->
<testsuite skipped="0" hostname="dhanesh-PC" name="TestCases.TC3" tests="1" failures="0" timestamp="02 Apr 2018 18:57:55 GMT" time="23.320" errors="0">
  <testcase name="ExecuteTc3" time="23.320" classname="TestCases.TC3"/>
</testsuite> <!-- TestCases.TC3 -->
