<?xml version="1.0" encoding="UTF-8"?>
<!-- Generated by org.testng.reporters.JUnitReportReporter -->
<testsuite hostname="DJ" name="TestCases.TC3" tests="1" failures="0" timestamp="25 Jul 2018 12:47:05 GMT" time="23.176" errors="0">
  <testcase name="ExecuteTc3" time="23.176" classname="TestCases.TC3"/>
</testsuite> <!-- TestCases.TC3 -->
