<?xml version="1.0" encoding="UTF-8"?>
<!-- Generated by org.testng.reporters.JUnitReportReporter -->
<testsuite hostname="DJ" name="TestCases.TC4" tests="1" failures="0" timestamp="25 Jul 2018 12:47:05 GMT" time="22.161" errors="0">
  <testcase name="ExecuteTc4" time="22.161" classname="TestCases.TC4"/>
</testsuite> <!-- TestCases.TC4 -->
