<?xml version="1.0" encoding="UTF-8"?>
<!-- Generated by org.testng.reporters.JUnitReportReporter -->
<testsuite hostname="DJ" name="TestCases.TC1" tests="1" failures="0" timestamp="25 Jul 2018 12:47:05 GMT" time="46.350" errors="0">
  <testcase name="ExecuteTc1" time="46.350" classname="TestCases.TC1"/>
</testsuite> <!-- TestCases.TC1 -->
