<?xml version="1.0" encoding="UTF-8"?>
<!-- Generated by org.testng.reporters.JUnitReportReporter -->
<testsuite hostname="DJ" name="TestCases.TC2" tests="1" failures="0" timestamp="25 Jul 2018 12:47:05 GMT" time="21.829" errors="0">
  <testcase name="ExecuteTc2" time="21.829" classname="TestCases.TC2"/>
</testsuite> <!-- TestCases.TC2 -->
